LogicalFormat2
==============

Identification (1000)
--------------

100001 : Message Set Identifier
100002 : Message Set Name
100003 : Message Set Level
100004 : Model Version (Major)
100005 : Model Version (Minor)
100006 : Timestamp
100007 : Dictionary Type
100008 : Format Level
100009 : Compatibility Level
100010 : Dependency Table
100022 : Message Set Alias

  100001        100002 100003 100004 100005 100006 100007 100008 100009 100010        100022 
0 NGR2RC4002001 mrm    1      2      0             1      610    4      NGR2RC4002001        

MessageSet (1)
----------

105 : Default Wire Format Identifier
106 : Message Type Prefix
107 : Use Namespaces

  105  106 107 
0 XML1     1   

Tag (2)
---

201 : Tag Identifier
202 : Tag Text Identifier
203 : Type Identifier
204 : Class
205 : Min Length
206 : Max Length
207 : Nullable
208 : Value Set Index
209 : Default Value Index
211 : Type Index
212 : Namespace Index
213 : Block
214 : isAttribute
215 : Interpret Value As

  201 202  203 204 205 206 207 208 209 211 212 213 214 215 
0 50  Root 51  M   0   -1  0   -1  -1  46  0   0   0   0   
1 53  53^a 5   F   0   -1  0   -1  -1  4   0   0   0   0   
2 54  Root 51  S   0   -1  0   -1  -1  46  0   0   0   0   

Type Member (4)
-----------

401 : Parent Type Identifier
402 : Child Tag Identifier
403 : Child Type Identifier
404 : Child Class
405 : Child Physical Name
406 : Sequence Number
407 : Min Occurs
409 : Child Repeat Indicator
410 : Member Identifier
411 : Max Occurs
412 : Child Tag Index
413 : Child Type Index

  401 402 403 404 405 406 407 409 410 411 412 413 
0 51  53  5   F       1   1   0   52  1   1   4   

Member Id to Type Member index (20)
------------------------------

Row count: 1

2001 : Member Identifier
2002 : Type Member Index

  2001 2002 
0 52   0    

Type (21)
----

Row count: 47

2101 : Type Identifier
2102 : Type Text Identifier
2103 : Type Composition
2104 : Type Content
2105 : Base Type Identifier
2106 : Logical Type
2107 : Type Member Index
2108 : Namespace Index
2109 : Parent Type Index
2110 : Block
2111 : Abstract
2112 : Derivation Style
2113 : Value Set Index
2114 : Item Type Index
2115 : Type Class

   2101 2102               2103 2104 2105 2106 2107 2108 2109 2110 2111 2112 2113 2114 2115 
0  1    anyType            6    3    0    0    -1   1    -1   3    0    1    -1   -1   4    
1  2    date               0    0    0    15   -1   1    2    0    0    4    0    -1   1    
2  3    anySimpleType      0    0    0    2    -1   1    -1   0    0    4    -1   -1   1    
3  4    dateTime           0    0    0    15   -1   1    2    0    0    4    -1   -1   1    
4  5    string             0    0    0    2    -1   1    2    0    0    4    -1   -1   1    
5  6    language           0    0    0    2    -1   1    6    0    0    4    2    -1   1    
6  7    token              0    0    0    2    -1   1    11   0    0    4    -1   -1   1    
7  8    nonNegativeInteger 0    0    0    16   -1   1    8    0    0    4    4    -1   1    
8  9    integer            0    0    0    16   -1   1    9    0    0    4    7    -1   1    
9  10   decimal            0    0    0    16   -1   1    2    0    0    4    -1   -1   1    
10 11   float              0    0    0    6    -1   1    2    0    0    4    -1   -1   1    
11 12   normalizedString   0    0    0    2    -1   1    4    0    0    4    -1   -1   1    
12 13   long               0    0    0    4    -1   1    8    0    0    4    9    -1   1    
13 14   Name               0    0    0    2    -1   1    6    0    0    4    13   -1   1    
14 15   NCName             0    0    0    2    -1   1    13   0    0    4    15   -1   1    
15 16   duration           0    0    0    14   -1   1    2    0    0    4    -1   -1   1    
16 17   gYear              0    0    0    15   -1   1    2    0    0    4    18   -1   1    
17 18   ENTITY             0    0    0    2    -1   1    14   0    0    4    20   -1   1    
18 19   hexBinary          0    0    0    10   -1   1    2    0    0    4    -1   -1   1    
19 20   negativeInteger    0    0    0    16   -1   1    20   0    0    4    23   -1   1    
20 21   nonPositiveInteger 0    0    0    16   -1   1    8    0    0    4    62   -1   1    
21 22   unsignedByte       0    0    0    4    -1   1    22   0    0    4    26   -1   1    
22 23   unsignedShort      0    0    0    4    -1   1    29   0    0    4    46   -1   1    
23 24   gDay               0    0    0    15   -1   1    2    0    0    4    30   -1   1    
24 25   ENTITIES           0    0    0    0    -1   1    -1   0    0    5    32   17   1    
25 27   ID                 0    0    0    2    -1   1    14   0    0    4    34   -1   1    
26 28   unsignedLong       0    0    0    16   -1   1    7    0    0    4    37   -1   1    
27 29   IDREF              0    0    0    2    -1   1    14   0    0    4    41   -1   1    
28 30   gMonthDay          0    0    0    15   -1   1    2    0    0    4    44   -1   1    
29 31   unsignedInt        0    0    0    4    -1   1    26   0    0    4    72   -1   1    
30 32   byte               0    0    0    4    -1   1    31   0    0    4    50   -1   1    
31 33   short              0    0    0    4    -1   1    37   0    0    4    76   -1   1    
32 34   double             0    0    0    6    -1   1    2    0    0    4    -1   -1   1    
33 35   QName              0    0    0    2    -1   1    2    0    0    4    -1   -1   1    
34 36   anyURI             0    0    0    2    -1   1    2    0    0    4    -1   -1   1    
35 37   gMonth             0    0    0    15   -1   1    2    0    0    4    54   -1   1    
36 38   IDREFS             0    0    0    0    -1   1    -1   0    0    5    56   27   1    
37 40   int                0    0    0    4    -1   1    12   0    0    4    58   -1   1    
38 41   boolean            0    0    0    12   -1   1    2    0    0    4    -1   -1   1    
39 42   base64Binary       0    0    0    10   -1   1    2    0    0    4    -1   -1   1    
40 43   NMTOKEN            0    0    0    2    -1   1    6    0    0    4    65   -1   1    
41 44   NMTOKENS           0    0    0    0    -1   1    -1   0    0    5    67   40   1    
42 46   positiveInteger    0    0    0    16   -1   1    7    0    0    4    69   -1   1    
43 47   NOTATION           0    0    0    2    -1   1    2    0    0    4    -1   -1   1    
44 48   time               0    0    0    15   -1   1    2    0    0    4    80   -1   1    
45 49   gYearMonth         0    0    0    15   -1   1    2    0    0    4    82   -1   1    
46 51                      6    1    0    0    0    0    0    0    0    1    -1   -1   4    

Value Set Table (24)
---------------

2000 : Row Count
2401 : Value Index
2402 : Role

   2000 2401 2402 
0  84   17   9    
1       -1   0    
2       1    10   
3       -1   0    
4       8    8    
5       25   1    
6       -1   0    
7       8    8    
8       -1   0    
9       8    8    
10      23   2    
11      4    1    
12      -1   0    
13      3    10   
14      -1   0    
15      0    10   
16      3    10   
17      -1   0    
18      15   9    
19      -1   0    
20      0    10   
21      3    10   
22      -1   0    
23      8    8    
24      24   2    
25      -1   0    
26      8    8    
27      18   2    
28      8    1    
29      -1   0    
30      11   9    
31      -1   0    
32      9    3    
33      -1   0    
34      0    10   
35      3    10   
36      -1   0    
37      8    8    
38      27   2    
39      25   1    
40      -1   0    
41      0    10   
42      3    10   
43      -1   0    
44      13   9    
45      -1   0    
46      8    8    
47      20   2    
48      8    1    
49      -1   0    
50      8    8    
51      14   2    
52      7    1    
53      -1   0    
54      12   9    
55      -1   0    
56      9    3    
57      -1   0    
58      8    8    
59      21   2    
60      5    1    
61      -1   0    
62      8    8    
63      25   2    
64      -1   0    
65      2    10   
66      -1   0    
67      9    3    
68      -1   0    
69      8    8    
70      26   1    
71      -1   0    
72      8    8    
73      22   2    
74      8    1    
75      -1   0    
76      8    8    
77      19   2    
78      6    1    
79      -1   0    
80      10   9    
81      -1   0    
82      16   9    
83      -1   0    

Values (25)
------

2000 : Row Count
2501 : String Value
2502 : Integer Value
2507 : Decimal Value

   2000 2501                              2502                 2507                 
0  28   [\i-[:]][\c-[:]]*                 -9223372036854775808 -1                   
1       [a-zA-Z]{1,8}(-[a-zA-Z0-9]{1,8})* -2147483648          0                    
2       \c+                               -32768               1                    
3       \i\c*                             -128                 18446744073709551615 
4                                         0                                         
5                                         1                                         
6                                         31                                        
7                                         32                                        
8                                         64                                        
9                                         96                                        
10                                        127                                       
11                                        128                                       
12                                        192                                       
13                                        224                                       
14                                        255                                       
15                                        32767                                     
16                                        65535                                     
17                                        2147483647                                
18                                        4294967295                                
19                                        9223372036854775807                       

Namespace (26)
---------

2000 : Row Count
2601 : Namespace URI

  2000 2601                             
0 2    http://example.com/schema        
1      http://www.w3.org/2001/XMLSchema 

Message (27)
-------

Row count: 1

2701 : Tag Identifier
2702 : Message Alias

  2701 2702 
0 50        

XMLWireFormat (XML1)
=============

Identification (1000)
--------------

100001 : Message Set Identifier
100002 : Message Set Name
100003 : Message Set Level
100004 : Model Version (Major)
100005 : Model Version (Minor)
100006 : Timestamp
100007 : Dictionary Type
100008 : Format Level
100009 : Compatibility Level
100010 : Dependency Table
100022 : Message Set Alias
100020 : Format Name
100021 : Format Identifier

  100001        100002 100003 100004 100005 100006 100007 100008 100009 100010        100022 100020 100021 
0 NGR2RC4002001 mrm    1      2      0             2      610    4      NGR2RC4002001        XML    XML1   

MessageSet (1)
----------

105 : Default Wire Format Identifier
106 : Message Type Prefix
107 : Use Namespaces
NP_0 : Suppress XML Declaration
NP_1 : Standalone Document
NP_2 : Suppress DOCTYPE
NP_3 : DOCTYPE System ID
NP_4 : DOCTYPE Public ID
NP_5 : DOCTYPE Text
NP_6 : Root Tag Name
NP_7 : Enable Versioning Support
NP_8 : Boolean True Value
NP_9 : Boolean False Value
NP_10 : Encoding Null Num
NP_11 : Encoding Null Num Val
NP_12 : Encoding Null Non-num
NP_13 : Encoding Null Non-num Val
NP_14 : Suppress Timestamp Comment
NP_15 : Default DateTime Format
NP_16 : Default Time Zone ID
NP_17 : Century Window
NP_18 : First Day of Week
NP_19 : First Week of Year
NP_20 : Allow Lenient Datetimes
NP_21 : Output xsi:type policy
NP_22 : XML Version Key
NP_23 : Suppress XML Encoding
NP_24 : Preserve UTC Format

  105  106 107 NP_0  NP_1  NP_2  NP_3                           NP_4          NP_5  NP_6  NP_7  NP_8  NP_9  NP_10 NP_11 NP_12 NP_13 NP_14 NP_15                    NP_16 NP_17 NP_18 NP_19 NP_20 NP_21 NP_22 NP_23 NP_24  
0 XML1     1   0           1     www.mrmnames.net/NGR2RC4002001 NGR2RC4002001             0     1     0     1           1           1     yyyy-MM-dd'T'HH:mm:ssZZZ       53          0     0     0     1.0   1     0      

Tag (2)
---

201 : Tag Identifier
203 : Type Identifier
204 : Class
207 : Nullable
211 : Type Index
212 : Namespace Index
214 : isAttribute
NP_0 : DOCTYPE System ID
NP_1 : DOCTYPE Public ID
NP_2 : DOCTYPE Text
NP_3 : Root Tag Name
NP_4 : XML Name
NP_5 : Render
NP_6 : ID Attribute Name
NP_7 : ID Attribute Namespace
NP_8 : ID Attribute Value
NP_9 : Format
NP_10 : Encoding
NP_11 : Schema Location
NP_12 : No Namespace Schema Location
NP_13 : Output Namespace Declaration Policy
NP_14 : Output xsi:type policy

  201 203 204 207 211 212 214 NP_0                           NP_1          NP_2 NP_3 NP_4 NP_5 NP_6 NP_7 NP_8 NP_9 NP_10 NP_11 NP_12 NP_13 NP_14 
0 50  51  M   0   46  0   0   www.mrmnames.net/NGR2RC4002001 NGR2RC4002001           Root 0    id   2    Root      -1                1     0     
1 53  5   F   0   4   0   0                                                          53_a 0         -1             -1                -1    -1    
2 54  51  S   0   46  0   0                                                          Root 0         -1             -1                -1    -1    

Type Member (4)
-----------

401 : Parent Type Identifier
402 : Child Tag Identifier
403 : Child Type Identifier
404 : Child Class
406 : Sequence Number
410 : Member Identifier
412 : Child Tag Index
413 : Child Type Index
NP_0 : XML Name
NP_1 : Render
NP_2 : ID Attribute Name
NP_3 : ID Attribute Namespace
NP_4 : ID Attribute Value
NP_5 : Value Attribute Name
NP_6 : Value Attribute Namespace
NP_7 : Format
NP_8 : Encoding

  401 402 403 404 406 410 412 413 NP_0 NP_1 NP_2 NP_3 NP_4 NP_5 NP_6 NP_7 NP_8 
0 51  53  5   F   1   52  1   4   a    0    id   2    a    val  2         -1   

Type (21)
----

Row count: 47

2101 : Type Identifier
2103 : Type Composition
2104 : Type Content
2105 : Base Type Identifier
2106 : Logical Type
2107 : Type Member Index
2112 : Derivation Style
2114 : Item Type Index
2115 : Type Class

   2101 2103 2104 2105 2106 2107 2112 2114 2115 
0  1    6    3    0    0    -1   1    -1   4    
1  2    0    0    0    15   -1   4    -1   1    
2  3    0    0    0    2    -1   4    -1   1    
3  4    0    0    0    15   -1   4    -1   1    
4  5    0    0    0    2    -1   4    -1   1    
5  6    0    0    0    2    -1   4    -1   1    
6  7    0    0    0    2    -1   4    -1   1    
7  8    0    0    0    16   -1   4    -1   1    
8  9    0    0    0    16   -1   4    -1   1    
9  10   0    0    0    16   -1   4    -1   1    
10 11   0    0    0    6    -1   4    -1   1    
11 12   0    0    0    2    -1   4    -1   1    
12 13   0    0    0    4    -1   4    -1   1    
13 14   0    0    0    2    -1   4    -1   1    
14 15   0    0    0    2    -1   4    -1   1    
15 16   0    0    0    14   -1   4    -1   1    
16 17   0    0    0    15   -1   4    -1   1    
17 18   0    0    0    2    -1   4    -1   1    
18 19   0    0    0    10   -1   4    -1   1    
19 20   0    0    0    16   -1   4    -1   1    
20 21   0    0    0    16   -1   4    -1   1    
21 22   0    0    0    4    -1   4    -1   1    
22 23   0    0    0    4    -1   4    -1   1    
23 24   0    0    0    15   -1   4    -1   1    
24 25   0    0    0    0    -1   5    17   1    
25 27   0    0    0    2    -1   4    -1   1    
26 28   0    0    0    16   -1   4    -1   1    
27 29   0    0    0    2    -1   4    -1   1    
28 30   0    0    0    15   -1   4    -1   1    
29 31   0    0    0    4    -1   4    -1   1    
30 32   0    0    0    4    -1   4    -1   1    
31 33   0    0    0    4    -1   4    -1   1    
32 34   0    0    0    6    -1   4    -1   1    
33 35   0    0    0    2    -1   4    -1   1    
34 36   0    0    0    2    -1   4    -1   1    
35 37   0    0    0    15   -1   4    -1   1    
36 38   0    0    0    0    -1   5    27   1    
37 40   0    0    0    4    -1   4    -1   1    
38 41   0    0    0    12   -1   4    -1   1    
39 42   0    0    0    10   -1   4    -1   1    
40 43   0    0    0    2    -1   4    -1   1    
41 44   0    0    0    0    -1   5    40   1    
42 46   0    0    0    16   -1   4    -1   1    
43 47   0    0    0    2    -1   4    -1   1    
44 48   0    0    0    15   -1   4    -1   1    
45 49   0    0    0    15   -1   4    -1   1    
46 51   6    1    0    0    0    1    -1   4    

Member Id to Type Member index (20)
------------------------------

Row count: 1

2001 : Member Identifier
2002 : Type Member Index

  2001 2002 
0 52   0    

Namespace (26)
---------

2000 : Row Count
2601 : Namespace URI
NP_0 : Preferred Prefix

  2000 2601                                      NP_0   
0 5    http://example.com/schema                        
1      http://www.w3.org/2001/XMLSchema          xsd    
2                                                       
3      http://www.w3.org/2001/XMLSchema-instance xsi    
4      http://www.w3.org/XML/1998/namespace      xml    

CWFWireFormat (Binary1)
=============

Message Count: 1

Row Count: 2

Identification (1000)
--------------

100001 : Message Set Identifier
100002 : Message Set Name
100003 : Message Set Level
100004 : Model Version (Major)
100005 : Model Version (Minor)
100006 : Timestamp
100007 : Dictionary Type
100008 : Format Level
100009 : Compatibility Level
100010 : Dependency Table
100022 : Message Set Alias
100020 : Format Name
100021 : Format Identifier

  100001        100002 100003 100004 100005 100006 100007 100008 100009 100010        100022 100020 100021  
0 NGR2RC4002001 mrm    1      2      0             4      610    4      NGR2RC4002001        CWF    Binary1 

MessageSet (1)
----------

104 : Byte Alignment Pad
105 : Floating Point Format
106 : Default Codepage
107 : Byte Order
108 : Boolean True
109 : Boolean False
112 : Date Time Format
116 : Packed Decimal Byte Order
117 : Default Timezone ID
118 : Century Window
119 : First Week Of Year
120 : First Day Of Week
121 : Boolean Null
122 : Packed Decimal Positive Format
123 : Allow Lenient Datetimes
124 : Output Policy For Missing Elements
125 : Preserve UTC Format
126 : Truncate Fixed Length Strings

  104 105 106 107 108      109      112                      116 117 118 119 120    121      122 123 124 125 126 
0     S   500 B   00000001 00000000 yyyy-MM-dd'T'HH:mm:ssZZZ B       53  4   Monday 00000000    0   0   0   0   

Message (2)
-------

3 : Message Identifier

  3  
0 50 

Row (4)
---

401 : Row Number
402 : Tag Identifier
403 : Physical Type
404 : Logical Type
405 : Repeating Element
406 : Field length
407 : Parent Row
408 : Sign Representation
409 : Virtual Decimal Point
410 : Justification
411 : Padding
412 : Byte Alignment
413 : Format
414 : Leading Skip Bytes
415 : Member Id
417 : Length Units
418 : Type Composition
419 : Default Value Index
420 : Encoding Null
421 : Encoding Null Value
422 : Encoding Null Permitted
423 : Trailing Skip Bytes
424 : Sign EBCDIC Custom
425 : Inclusive Length Reference

  401 402 403 404 405 406 407 408 409 410 411 412 413 414 415 417 418 419 420 421 422 423 424 425 
0 0   50  0   0   0   0   -1  0   0   N       1       0   0   0   6   -1  -1      0   0   0   0   
1 1   53  8   2   1   0   0   0   0   L       1       0   52  0   0   -1  1       0   0   0   0   


Values (25)
------

2000 : Row Count

  2000 
0 0    

